frame=0
input[0    ]=-1.160701           input[1    ]=-1.559065           input[2    ]=0.778214            
input[3    ]=-0.999002           input[4    ]=-0.372871           input[5    ]=-0.159408           
input[6    ]=0.283594            input[7    ]=-1.123402           input[8    ]=0.981301            
input[9    ]=-1.747116           input[10   ]=-0.281897           input[11   ]=0.143691            
input[12   ]=1.615565            input[13   ]=0.134025            input[14   ]=0.234419            
input[15   ]=1.347820            input[16   ]=-0.824398           input[17   ]=-0.511961           
input[18   ]=0.324615            input[19   ]=0.911616            input[20   ]=0.466983            
input[21   ]=1.180231            input[22   ]=0.370897            input[23   ]=-2.019325           
input[24   ]=-1.746273           input[25   ]=1.736737            input[26   ]=-0.038494           
input[27   ]=-0.107861           input[28   ]=-1.141433           input[29   ]=0.353306            
input[30   ]=-0.097207           input[31   ]=-0.167419           input[32   ]=-0.822988           
input[33   ]=1.528499            input[34   ]=0.584930            input[35   ]=0.228639            
input[36   ]=1.348356            input[37   ]=0.309797            input[38   ]=-1.326067           
input[39   ]=-1.157662           input[40   ]=-0.569795           input[41   ]=-0.201008           
input[42   ]=-1.521187           input[43   ]=-0.102782           input[44   ]=-1.311218           
input[45   ]=0.851683            input[46   ]=-0.540198           input[47   ]=-0.861907           
input[48   ]=-0.889713           input[49   ]=-0.042957           input[50   ]=-0.023448           
input[51   ]=0.345125            input[52   ]=0.435303            input[53   ]=0.339642            
input[54   ]=-0.121580           input[55   ]=-1.404170           input[56   ]=-0.781610           
input[57   ]=-0.061888           input[58   ]=-0.691270           input[59   ]=0.128294            
input[60   ]=0.017135            input[61   ]=-0.603923           input[62   ]=-0.221158           
input[63   ]=-0.606849           input[64   ]=0.924357            input[65   ]=1.537279            
input[66   ]=0.978783            input[67   ]=0.304525            input[68   ]=0.287545            
input[69   ]=-0.576276           input[70   ]=-1.243425           input[71   ]=2.575510            
input[72   ]=0.226301            input[73   ]=-1.100143           input[74   ]=0.085922            
input[75   ]=-0.394604           input[76   ]=0.708186            input[77   ]=-0.677740           
input[78   ]=-1.083529           input[79   ]=1.083071            input[80   ]=-1.725079           
input[81   ]=-0.345950           input[82   ]=1.944264            input[83   ]=2.995642            
input[84   ]=0.426397            input[85   ]=-0.646988           input[86   ]=0.992384            
input[87   ]=-0.788030           input[88   ]=0.878361            input[89   ]=-0.579496           
input[90   ]=0.915708            input[91   ]=1.783416            input[92   ]=-0.776816           
input[93   ]=-2.040458           input[94   ]=0.708508            input[95   ]=1.293349            
input[96   ]=-1.810660           input[97   ]=-0.642816           input[98   ]=0.794674            
input[99   ]=0.469601            input[100  ]=0.190768            input[101  ]=-0.511290           
input[102  ]=0.700037            input[103  ]=0.697372            input[104  ]=-1.144004           
input[105  ]=0.690814            input[106  ]=-2.137974           input[107  ]=-1.977033           
input[108  ]=-0.006656           input[109  ]=-0.376904           input[110  ]=0.474247            
input[111  ]=0.400148            input[112  ]=-1.126809           input[113  ]=-0.478271           
input[114  ]=-2.516058           input[115  ]=-0.087436           input[116  ]=-0.326500           
input[117  ]=0.013875            input[118  ]=-0.275230           input[119  ]=-0.194664           
input[120  ]=0.473848            input[121  ]=-1.118152           input[122  ]=0.097806            
input[123  ]=-0.350797           input[124  ]=0.643895            input[125  ]=0.540884            
input[126  ]=1.476646            input[127  ]=1.601477            input[128  ]=1.713789            
input[129  ]=0.190136            input[130  ]=0.171845            input[131  ]=1.237124            
input[132  ]=-0.281779           input[133  ]=-0.424134           input[134  ]=1.025930            
input[135  ]=1.243425            input[136  ]=-0.094524           input[137  ]=0.233381            
input[138  ]=1.830944            input[139  ]=-0.175258           input[140  ]=0.670705            
input[141  ]=-0.666876           input[142  ]=0.391688            input[143  ]=-0.101514           
input[144  ]=0.508358            input[145  ]=-2.066633           input[146  ]=-0.618855           
input[147  ]=1.461695            input[148  ]=-1.203124           input[149  ]=-1.149444           
input[150  ]=0.434693            input[151  ]=-1.359841           input[152  ]=-0.723015           
input[153  ]=1.382066            input[154  ]=-0.517946           input[155  ]=-0.620278           
input[156  ]=0.333490            input[157  ]=1.003854            input[158  ]=0.432887            
input[159  ]=1.758658            input[160  ]=0.278374            input[161  ]=-0.594244           
input[162  ]=2.023101            input[163  ]=-1.831181           input[164  ]=0.807080            
input[165  ]=-0.469678           input[166  ]=-0.314912           input[167  ]=-0.667715           
input[168  ]=1.005507            input[169  ]=-2.222290           input[170  ]=-0.951741           
input[171  ]=0.404443            input[172  ]=1.305227            input[173  ]=1.530921            
input[174  ]=-1.861896           input[175  ]=0.843066            input[176  ]=-0.113035           
input[177  ]=0.667449            input[178  ]=1.486039            input[179  ]=0.482317            
input[180  ]=-3.272777           input[181  ]=-1.366706           input[182  ]=1.230578            
input[183  ]=1.069891            input[184  ]=-0.236320           input[185  ]=0.825063            
input[186  ]=1.162229            input[187  ]=0.198029            input[188  ]=-0.970003           
input[189  ]=-0.532329           input[190  ]=-0.250057           input[191  ]=0.749467            
input[192  ]=-1.098759           input[193  ]=-1.206336           input[194  ]=-0.283494           
input[195  ]=-0.580334           input[196  ]=-0.696943           input[197  ]=-0.336665           
input[198  ]=-0.481749           input[199  ]=1.377727            input[200  ]=-3.362601           
input[201  ]=-0.856934           input[202  ]=-0.304110           input[203  ]=-1.047741           
input[204  ]=-1.173087           input[205  ]=-1.083455           input[206  ]=-1.014189           
input[207  ]=-0.835364           input[208  ]=-0.931547           input[209  ]=-1.294577           
input[210  ]=0.507059            input[211  ]=1.025070            input[212  ]=1.251253            
input[213  ]=0.161315            input[214  ]=0.400186            input[215  ]=0.453302            
input[216  ]=-1.589140           input[217  ]=-1.404945           input[218  ]=0.826758            
input[219  ]=-0.985971           input[220  ]=1.500568            input[221  ]=0.173207            
input[222  ]=-0.048671           input[223  ]=-0.550098           input[224  ]=-1.100727           
input[225  ]=-1.061310           input[226  ]=-0.881353           input[227  ]=-0.389342           
input[228  ]=0.360956            input[229  ]=-0.001162           input[230  ]=-2.007936           
input[231  ]=1.048853            input[232  ]=-0.026774           input[233  ]=0.626660            
input[234  ]=0.519082            input[235  ]=-2.080593           input[236  ]=0.237353            
input[237  ]=2.168596            input[238  ]=-0.247554           input[239  ]=1.443139            
input[240  ]=-0.543120           input[241  ]=-0.111938           input[242  ]=0.110378            
input[243  ]=-0.393685           input[244  ]=-1.004805           input[245  ]=-0.279457           
input[246  ]=0.143104            input[247  ]=0.086150            input[248  ]=0.190298            
input[249  ]=1.169435            input[250  ]=-0.281079           input[251  ]=-0.685662           
input[252  ]=0.779127            input[253  ]=-2.659030           input[254  ]=0.789800            
input[255  ]=-0.054570           input[256  ]=0.895860            input[257  ]=-0.266930           
input[258  ]=-0.002570           input[259  ]=0.713372            input[260  ]=-1.186294           
input[261  ]=-0.112235           input[262  ]=1.235756            input[263  ]=-1.283627           
input[264  ]=-0.037436           input[265  ]=-0.028504           input[266  ]=0.105218            
input[267  ]=-0.062215           input[268  ]=-0.636581           input[269  ]=0.485664            
input[270  ]=0.272058            input[271  ]=-0.181571           input[272  ]=0.831197            
input[273  ]=-0.290749           input[274  ]=-0.693632           input[275  ]=1.292486            
input[276  ]=0.649980            input[277  ]=0.132901            input[278  ]=0.310474            
input[279  ]=-1.301601           input[280  ]=1.023968            input[281  ]=-0.944336           
input[282  ]=-0.648934           input[283  ]=-0.421388           input[284  ]=-1.359775           
input[285  ]=0.800004            input[286  ]=-0.694686           input[287  ]=-0.723307           
input[288  ]=2.347291            input[289  ]=0.872891            input[290  ]=1.946717            
input[291  ]=-1.046220           input[292  ]=0.401771            input[293  ]=-1.101680           
input[294  ]=0.583333            input[295  ]=-1.682421           input[296  ]=-0.999351           
input[297  ]=0.741839            input[298  ]=0.207701            input[299  ]=-0.493146           
input[300  ]=-0.282090           input[301  ]=-1.185584           input[302  ]=1.561672            
input[303  ]=-1.216302           input[304  ]=2.334864            input[305  ]=-0.098206           
input[306  ]=-0.376436           input[307  ]=-1.203290           input[308  ]=-2.418648           
input[309  ]=-1.911357           input[310  ]=1.961537            input[311  ]=-0.195572           
input[312  ]=-0.498228           input[313  ]=-0.333885           input[314  ]=-1.085165           
input[315  ]=-1.371121           input[316  ]=0.741755            input[317  ]=-1.063979           
input[318  ]=-0.015579           input[319  ]=0.610496            input[320  ]=0.461191            
input[321  ]=0.104573            input[322  ]=1.010850            input[323  ]=-0.340596           
input[324  ]=0.546610            input[325  ]=0.362194            input[326  ]=0.062729            
input[327  ]=0.154119            input[328  ]=1.396574            input[329  ]=-0.229102           
input[330  ]=0.118488            input[331  ]=-1.126272           input[332  ]=-0.462743           
input[333  ]=-0.970668           input[334  ]=1.522810            input[335  ]=0.611702            
input[336  ]=-0.788370           input[337  ]=1.788366            input[338  ]=0.454559            
input[339  ]=0.393177            input[340  ]=0.522551            input[341  ]=-0.066193           
input[342  ]=0.474014            input[343  ]=-0.789915           input[344  ]=-0.984446           
input[345  ]=-0.271606           input[346  ]=-1.191363           input[347  ]=0.361071            
input[348  ]=1.474581            input[349  ]=1.014521            input[350  ]=-0.429153           
input[351  ]=-0.734516           input[352  ]=-1.280988           input[353  ]=1.111062            
input[354  ]=0.895201            input[355  ]=-0.793213           input[356  ]=-0.493802           
input[357  ]=-0.635607           input[358  ]=-0.406205           input[359  ]=2.245007            
input[360  ]=-0.192020           input[361  ]=-0.429745           input[362  ]=1.280855            
input[363  ]=0.223839            input[364  ]=-1.087934           input[365  ]=-1.062725           
input[366  ]=0.672454            input[367  ]=-0.194895           input[368  ]=0.425882            
input[369  ]=-0.319909           input[370  ]=-1.425942           input[371  ]=0.508725            
input[372  ]=1.418043            input[373  ]=0.417341            input[374  ]=-0.532273           
input[375  ]=0.380537            input[376  ]=0.916725            input[377  ]=-0.431567           
input[378  ]=0.043603            input[379  ]=1.438324            input[380  ]=-0.937219           
input[381  ]=-0.615077           input[382  ]=-0.872189           input[383  ]=-0.176127           
input[384  ]=0.584287            input[385  ]=-1.782575           input[386  ]=0.195373            
input[387  ]=-0.715406           input[388  ]=0.073834            input[389  ]=0.126573            
input[390  ]=-0.763990           input[391  ]=1.185454            input[392  ]=-1.999308           
input[393  ]=-1.645357           input[394  ]=0.383178            input[395  ]=0.323128            
input[396  ]=-0.311716           input[397  ]=0.618441            input[398  ]=-0.231816           
input[399  ]=0.150578            input[400  ]=1.087007            input[401  ]=-0.027487           
input[402  ]=0.835908            input[403  ]=0.448271            input[404  ]=0.057702            
input[405  ]=-1.169456           input[406  ]=-0.909455           input[407  ]=-0.218554           
input[408  ]=-1.651795           input[409  ]=-1.150719           input[410  ]=-0.516399           
input[411  ]=0.294257            input[412  ]=-0.888040           input[413  ]=0.205354            
input[414  ]=-0.780447           input[415  ]=2.476295            input[416  ]=-1.487529           
input[417  ]=0.938695            input[418  ]=0.997441            input[419  ]=-1.034889           
input[420  ]=-2.607331           input[421  ]=-0.244361           input[422  ]=-1.666788           
input[423  ]=-0.386730           input[424  ]=-0.064196           input[425  ]=-0.209023           
input[426  ]=1.141516            input[427  ]=-2.231523           input[428  ]=-0.422795           
input[429  ]=1.161673            input[430  ]=0.441591            input[431  ]=0.223951            
input[432  ]=1.624761            input[433  ]=-1.406773           input[434  ]=-1.613514           
input[435  ]=-0.237489           input[436  ]=0.563879            input[437  ]=-0.588526           
input[438  ]=-0.323599           input[439  ]=0.102873            input[440  ]=-0.956022           
input[441  ]=0.434222            input[442  ]=0.727065            input[443  ]=0.818322            
input[444  ]=0.987435            input[445  ]=0.581478            input[446  ]=-0.448085           
input[447  ]=-0.061533           input[448  ]=-1.452235           input[449  ]=0.165757            
input[450  ]=-1.097914           input[451  ]=-0.470994           input[452  ]=-0.168660           
input[453  ]=-0.401215           input[454  ]=-0.726050           input[455  ]=0.467792            
input[456  ]=0.960855            input[457  ]=1.598719            input[458  ]=0.025881            
input[459  ]=-0.899214           input[460  ]=0.153081            input[461  ]=-1.123984           
input[462  ]=-0.183141           input[463  ]=0.075739            input[464  ]=0.314195            
input[465  ]=1.243609            input[466  ]=-0.288194           input[467  ]=-2.017470           
input[468  ]=-0.844802           input[469  ]=0.372843            input[470  ]=2.150170            
input[471  ]=-0.107025           input[472  ]=0.505478            input[473  ]=1.703113            
input[474  ]=0.242259            input[475  ]=0.763218            input[476  ]=0.357535            
input[477  ]=0.009454            input[478  ]=-0.557757           input[479  ]=1.007733            
input[480  ]=-0.694291           input[481  ]=0.300384            input[482  ]=0.083960            
input[483  ]=-1.407967           input[484  ]=-0.694125           input[485  ]=-0.014012           
input[486  ]=-0.394006           input[487  ]=-1.799916           input[488  ]=-1.239998           
input[489  ]=-1.130279           input[490  ]=-1.940694           input[491  ]=-1.279476           
input[492  ]=0.033889            input[493  ]=-0.897682           input[494  ]=0.268285            
input[495  ]=-1.353203           input[496  ]=-0.230796           input[497  ]=-0.758878           
input[498  ]=0.405436            input[499  ]=0.969626            input[500  ]=-0.889554           
input[501  ]=-0.738754           input[502  ]=-0.087011           input[503  ]=-0.331722           
input[504  ]=2.234534            input[505  ]=-0.539192           input[506  ]=-0.352250           
input[507  ]=-0.237133           input[508  ]=0.447895            input[509  ]=0.253026            
input[510  ]=-0.103080           input[511  ]=0.541691            input[512  ]=0.065667            
input[513  ]=-0.290456           